2025-11-19 08:56:49 - INFO - app_logger - ================================================================================
2025-11-19 08:56:49 - INFO - app_logger - STEP 1: LOADING RESUME
2025-11-19 08:56:49 - INFO - app_logger - ================================================================================
2025-11-19 08:56:49 - INFO - app_logger - 📄 Found: Resume.pdf
2025-11-19 08:56:49 - INFO - app_logger - Parsing resume: Resume.pdf
2025-11-19 08:56:50 - INFO - app_logger - ✓ Extracted 3660 characters
2025-11-19 08:56:50 - INFO - app_logger - 
================================================================================
2025-11-19 08:56:50 - INFO - app_logger - STEP 2: ANALYZING RESUME WITH AI
2025-11-19 08:56:50 - INFO - app_logger - ================================================================================
2025-11-19 08:56:50 - INFO - app_logger - 🔍 Performing intelligent resume analysis...
2025-11-19 08:56:50 - INFO - app_logger - ✓ Skills: 30 total (16 expert-level)
2025-11-19 08:56:50 - INFO - app_logger - ✓ Experience: 4 years (senior)
2025-11-19 08:56:50 - INFO - app_logger - ✓ Achievements: 0 quantified
2025-11-19 08:56:50 - INFO - app_logger - ✓ Career Level: Mid Level
2025-11-19 08:56:50 - INFO - app_logger - ✓ Analysis complete
2025-11-19 08:56:50 - INFO - app_logger -   📊 Career Level: Mid Level
2025-11-19 08:56:50 - INFO - app_logger -   💼 Experience: 4 years
2025-11-19 08:56:50 - INFO - app_logger -   🎯 Skills: 30 (including 16 expert)
2025-11-19 08:56:50 - INFO - app_logger -   🏆 Achievements: 0
2025-11-19 08:56:50 - INFO - app_logger - 
================================================================================
2025-11-19 08:56:50 - INFO - app_logger - STEP 3: SEARCHING FOR RELEVANT JOBS
2025-11-19 08:56:50 - INFO - app_logger - ================================================================================
2025-11-19 08:56:50 - INFO - app_logger - Keywords: Data Scientist, Machine Learning Engineer, Python Developer, AI Engineer
2025-11-19 08:56:50 - INFO - app_logger - Location: Malaysia
2025-11-19 08:56:50 - INFO - app_logger - Searching Indeed via RSS...
2025-11-19 08:56:56 - INFO - app_logger - Generating Google Jobs search links...
2025-11-19 08:56:56 - INFO - app_logger -   ✓ Google Jobs link for 'Data Scientist'
2025-11-19 08:56:56 - INFO - app_logger -   ✓ Google Jobs link for 'Machine Learning Engineer'
2025-11-19 08:56:56 - INFO - app_logger -   ✓ Google Jobs link for 'Python Developer'
2025-11-19 08:56:56 - INFO - app_logger -   ✓ Google Jobs link for 'AI Engineer'
2025-11-19 08:56:56 - INFO - app_logger - Generating LinkedIn job search links...
2025-11-19 08:56:56 - INFO - app_logger -   ✓ LinkedIn link for 'Data Scientist'
2025-11-19 08:56:56 - INFO - app_logger -   ✓ LinkedIn link for 'Machine Learning Engineer'
2025-11-19 08:56:56 - INFO - app_logger -   ✓ LinkedIn link for 'Python Developer'
2025-11-19 08:56:56 - INFO - app_logger -   ✓ LinkedIn link for 'AI Engineer'
2025-11-19 08:56:56 - INFO - app_logger - Supplementing with synthetic jobs for comprehensive analysis...
2025-11-19 08:56:56 - INFO - app_logger - Generating realistic job postings for analysis...
2025-11-19 08:56:56 - ERROR - app_logger - 
❌ Critical error: No module named 'data.job_templates'
Traceback (most recent call last):
  File "c:\Projects\AI_Resume_Analyzer_with_JobStreet_Job_Matcher\main.py", line 89, in main
    jobs = scraper.search_all_sources(
           ^^^^^^^^^^^^^^^^^^^^^^^^^^^
  File "c:\Projects\AI_Resume_Analyzer_with_JobStreet_Job_Matcher\core\job_scraper.py", line 224, in search_all_sources
    synthetic_jobs = self.generate_synthetic_jobs(keywords, location, count_per_keyword=4)
                     ^^^^^^^^^^^^^^^^^^^^^^^^^^^^^^^^^^^^^^^^^^^^^^^^^^^^^^^^^^^^^^^^^^^^^
  File "c:\Projects\AI_Resume_Analyzer_with_JobStreet_Job_Matcher\core\job_scraper.py", line 143, in generate_synthetic_jobs
    from data.job_templates import get_job_templates
ModuleNotFoundError: No module named 'data.job_templates'
2025-11-19 08:56:56 - ERROR - app_logger - Check resume_analyzer.log for details
