2025-11-19 08:59:46 - INFO - app_logger - ================================================================================
2025-11-19 08:59:46 - INFO - app_logger - STEP 1: LOADING RESUME
2025-11-19 08:59:46 - INFO - app_logger - ================================================================================
2025-11-19 08:59:46 - INFO - app_logger - 📄 Found: Resume.pdf
2025-11-19 08:59:46 - INFO - app_logger - Parsing resume: Resume.pdf
2025-11-19 08:59:46 - INFO - app_logger - ✓ Extracted 3660 characters
2025-11-19 08:59:46 - INFO - app_logger - 
================================================================================
2025-11-19 08:59:47 - INFO - app_logger - STEP 2: ANALYZING RESUME WITH AI
2025-11-19 08:59:47 - INFO - app_logger - ================================================================================
2025-11-19 08:59:47 - INFO - app_logger - 🔍 Performing intelligent resume analysis...
2025-11-19 08:59:47 - INFO - app_logger - ✓ Skills: 30 total (16 expert-level)
2025-11-19 08:59:47 - INFO - app_logger - ✓ Experience: 4 years (senior)
2025-11-19 08:59:47 - INFO - app_logger - ✓ Achievements: 0 quantified
2025-11-19 08:59:47 - INFO - app_logger - ✓ Career Level: Mid Level
2025-11-19 08:59:47 - INFO - app_logger - ✓ Analysis complete
2025-11-19 08:59:47 - INFO - app_logger -   📊 Career Level: Mid Level
2025-11-19 08:59:47 - INFO - app_logger -   💼 Experience: 4 years
2025-11-19 08:59:47 - INFO - app_logger -   🎯 Skills: 30 (including 16 expert)
2025-11-19 08:59:47 - INFO - app_logger -   🏆 Achievements: 0
2025-11-19 08:59:47 - INFO - app_logger - 
================================================================================
2025-11-19 08:59:47 - INFO - app_logger - STEP 3: SEARCHING FOR RELEVANT JOBS
2025-11-19 08:59:47 - INFO - app_logger - ================================================================================
2025-11-19 08:59:47 - INFO - app_logger - Keywords: Data Scientist, Machine Learning Engineer, Python Developer, AI Engineer
2025-11-19 08:59:47 - INFO - app_logger - Location: Malaysia
2025-11-19 08:59:47 - INFO - app_logger - Searching Indeed via RSS...
2025-11-19 08:59:53 - INFO - app_logger - Generating Google Jobs search links...
2025-11-19 08:59:53 - INFO - app_logger -   ✓ Google Jobs link for 'Data Scientist'
2025-11-19 08:59:53 - INFO - app_logger -   ✓ Google Jobs link for 'Machine Learning Engineer'
2025-11-19 08:59:53 - INFO - app_logger -   ✓ Google Jobs link for 'Python Developer'
2025-11-19 08:59:53 - INFO - app_logger -   ✓ Google Jobs link for 'AI Engineer'
2025-11-19 08:59:53 - INFO - app_logger - Generating LinkedIn job search links...
2025-11-19 08:59:53 - INFO - app_logger -   ✓ LinkedIn link for 'Data Scientist'
2025-11-19 08:59:53 - INFO - app_logger -   ✓ LinkedIn link for 'Machine Learning Engineer'
2025-11-19 08:59:53 - INFO - app_logger -   ✓ LinkedIn link for 'Python Developer'
2025-11-19 08:59:53 - INFO - app_logger -   ✓ LinkedIn link for 'AI Engineer'
2025-11-19 08:59:53 - INFO - app_logger - Supplementing with synthetic jobs for comprehensive analysis...
2025-11-19 08:59:53 - INFO - app_logger - Generating realistic job postings for analysis...
2025-11-19 08:59:53 - INFO - app_logger -   ✓ Generated 16 realistic jobs
2025-11-19 08:59:53 - INFO - app_logger - ✓ Total unique jobs: 24
2025-11-19 08:59:53 - INFO - app_logger - ✓ Collected 20 jobs for analysis
2025-11-19 08:59:53 - INFO - app_logger - 
================================================================================
2025-11-19 08:59:53 - INFO - app_logger - STEP 4: INTELLIGENT JOB MATCHING
2025-11-19 08:59:53 - INFO - app_logger - ================================================================================
2025-11-19 08:59:53 - INFO - app_logger -   Progress: 5/20 jobs analyzed...
2025-11-19 08:59:53 - INFO - app_logger -   Progress: 10/20 jobs analyzed...
2025-11-19 08:59:53 - INFO - app_logger -   Progress: 15/20 jobs analyzed...
2025-11-19 08:59:53 - INFO - app_logger -   Progress: 20/20 jobs analyzed...
2025-11-19 08:59:53 - INFO - app_logger - ✓ Successfully matched 20 jobs
2025-11-19 08:59:53 - INFO - app_logger - 
================================================================================
2025-11-19 08:59:53 - INFO - app_logger - STEP 5: SKILL GAP ANALYSIS
2025-11-19 08:59:53 - INFO - app_logger - ================================================================================
2025-11-19 08:59:53 - INFO - app_logger - Analyzing skill gaps across all matches...
2025-11-19 08:59:53 - INFO - app_logger -   Critical gaps: 0
2025-11-19 08:59:53 - INFO - app_logger -   High priority: 3
2025-11-19 08:59:53 - INFO - app_logger -   Medium priority: 0
2025-11-19 08:59:53 - INFO - app_logger - ✓ Identified 3 unique skill gaps
2025-11-19 08:59:53 - INFO - app_logger -   🔴 Critical: 0
2025-11-19 08:59:53 - INFO - app_logger -   🟡 High: 3
2025-11-19 08:59:53 - INFO - app_logger -   🟢 Medium: 0
2025-11-19 08:59:53 - INFO - app_logger - 
================================================================================
2025-11-19 08:59:53 - INFO - app_logger - STEP 6: GENERATING LEARNING ROADMAP
2025-11-19 08:59:53 - INFO - app_logger - ================================================================================
2025-11-19 08:59:53 - INFO - app_logger - Generating personalized roadmap for 3 skills...
2025-11-19 08:59:53 - INFO - app_logger - ✓ Roadmap created: 16 weeks (4+ months) total learning time
2025-11-19 08:59:53 - INFO - app_logger - ✓ Learning roadmap created
2025-11-19 08:59:53 - INFO - app_logger -   📚 Skills to learn: 3
2025-11-19 08:59:53 - INFO - app_logger -   ⏱️  Estimated time: 16 weeks (4+ months)
2025-11-19 08:59:53 - INFO - app_logger - 
================================================================================
2025-11-19 08:59:53 - INFO - app_logger - STEP 7: GENERATING REPORTS
2025-11-19 08:59:53 - INFO - app_logger - ================================================================================
2025-11-19 08:59:53 - INFO - app_logger -   ✓ Job matches report: JOB_MATCHES_DETAILED_20251119_085953.csv
2025-11-19 08:59:53 - INFO - app_logger -   ✓ High priority report: HIGH_PRIORITY_APPLY_NOW_20251119_085953.csv
2025-11-19 08:59:53 - INFO - app_logger -   ✓ Learning roadmap: SKILL_GAPS_LEARNING_ROADMAP_20251119_085953.csv
2025-11-19 08:59:53 - INFO - app_logger -   ✓ Complete analysis: COMPLETE_ANALYSIS_20251119_085953.json
2025-11-19 08:59:53 - INFO - app_logger -   ✓ job_matches: JOB_MATCHES_DETAILED_20251119_085953.csv
2025-11-19 08:59:53 - INFO - app_logger -   ✓ high_priority: HIGH_PRIORITY_APPLY_NOW_20251119_085953.csv
2025-11-19 08:59:53 - INFO - app_logger -   ✓ learning_roadmap: SKILL_GAPS_LEARNING_ROADMAP_20251119_085953.csv
2025-11-19 08:59:53 - INFO - app_logger -   ✓ complete_analysis: COMPLETE_ANALYSIS_20251119_085953.json
2025-11-19 08:59:53 - INFO - app_logger - 
================================================================================
2025-11-19 08:59:53 - INFO - app_logger - ✅ ANALYSIS COMPLETE!
2025-11-19 08:59:53 - INFO - app_logger - ================================================================================
2025-11-19 08:59:53 - INFO - app_logger - 
📁 All reports saved to: C:\Projects\AI_Resume_Analyzer_with_JobStreet_Job_Matcher\output

2025-11-19 08:59:53 - INFO - app_logger - 💡 NEXT STEPS:
2025-11-19 08:59:53 - INFO - app_logger -   1. Open 'HIGH_PRIORITY_APPLY_NOW_*.csv' for immediate opportunities
2025-11-19 08:59:53 - INFO - app_logger -   2. Review 'SKILL_GAPS_LEARNING_ROADMAP_*.csv' for learning plan
2025-11-19 08:59:53 - INFO - app_logger -   3. Check 'COMPLETE_ANALYSIS_*.json' for detailed insights
2025-11-19 08:59:53 - INFO - app_logger - 
================================================================================

